2025-03-19 19:56:47.239 +02:00 [INF] Log viewer initialized
2025-03-19 19:56:47.450 +02:00 [ERR] Error loading logs
Microsoft.Data.Sqlite.SqliteException (0x80004005): SQLite Error 1: 'no such column: Message'.
   at Microsoft.Data.Sqlite.SqliteException.ThrowExceptionForRC(Int32 rc, sqlite3 db)
   at Microsoft.Data.Sqlite.SqliteCommand.PrepareAndEnumerateStatements()+MoveNext()
   at Microsoft.Data.Sqlite.SqliteCommand.GetStatements()+MoveNext()
   at Microsoft.Data.Sqlite.SqliteDataReader.NextResult()
   at Microsoft.Data.Sqlite.SqliteCommand.ExecuteReader(CommandBehavior behavior)
   at Microsoft.Data.Sqlite.SqliteCommand.ExecuteReaderAsync(CommandBehavior behavior, CancellationToken cancellationToken)
   at Microsoft.Data.Sqlite.SqliteCommand.ExecuteDbDataReaderAsync(CommandBehavior behavior, CancellationToken cancellationToken)
   at Dapper.SqlMapper.QueryAsync[T](IDbConnection cnn, Type effectiveType, CommandDefinition command) in /_/Dapper/SqlMapper.Async.cs:line 434
   at BlazorLoggingDemo.Repository.SqliteLogRepository.GetRecentLogsAsync(Int32 count) in D:\CSharpProjektai\BlazorLoggingDemo\Repository\SqliteLogRepository.cs:line 37
   at BlazorLoggingDemo.Pages.LogViewer.LoadLogs() in D:\CSharpProjektai\BlazorLoggingDemo\Pages\LogViewer.razor:line 116
2025-03-19 19:56:54.760 +02:00 [ERR] Error loading logs
Microsoft.Data.Sqlite.SqliteException (0x80004005): SQLite Error 1: 'no such column: Message'.
   at Microsoft.Data.Sqlite.SqliteException.ThrowExceptionForRC(Int32 rc, sqlite3 db)
   at Microsoft.Data.Sqlite.SqliteCommand.PrepareAndEnumerateStatements()+MoveNext()
   at Microsoft.Data.Sqlite.SqliteCommand.GetStatements()+MoveNext()
   at Microsoft.Data.Sqlite.SqliteDataReader.NextResult()
   at Microsoft.Data.Sqlite.SqliteCommand.ExecuteReader(CommandBehavior behavior)
   at Microsoft.Data.Sqlite.SqliteCommand.ExecuteReaderAsync(CommandBehavior behavior, CancellationToken cancellationToken)
   at Microsoft.Data.Sqlite.SqliteCommand.ExecuteDbDataReaderAsync(CommandBehavior behavior, CancellationToken cancellationToken)
   at Dapper.SqlMapper.QueryAsync[T](IDbConnection cnn, Type effectiveType, CommandDefinition command) in /_/Dapper/SqlMapper.Async.cs:line 434
   at BlazorLoggingDemo.Repository.SqliteLogRepository.GetRecentLogsAsync(Int32 count) in D:\CSharpProjektai\BlazorLoggingDemo\Repository\SqliteLogRepository.cs:line 37
   at BlazorLoggingDemo.Pages.LogViewer.LoadLogs() in D:\CSharpProjektai\BlazorLoggingDemo\Pages\LogViewer.razor:line 116
2025-03-19 19:56:55.858 +02:00 [ERR] Error loading logs
Microsoft.Data.Sqlite.SqliteException (0x80004005): SQLite Error 1: 'no such column: Message'.
   at Microsoft.Data.Sqlite.SqliteException.ThrowExceptionForRC(Int32 rc, sqlite3 db)
   at Microsoft.Data.Sqlite.SqliteCommand.PrepareAndEnumerateStatements()+MoveNext()
   at Microsoft.Data.Sqlite.SqliteCommand.GetStatements()+MoveNext()
   at Microsoft.Data.Sqlite.SqliteDataReader.NextResult()
   at Microsoft.Data.Sqlite.SqliteCommand.ExecuteReader(CommandBehavior behavior)
   at Microsoft.Data.Sqlite.SqliteCommand.ExecuteReaderAsync(CommandBehavior behavior, CancellationToken cancellationToken)
   at Microsoft.Data.Sqlite.SqliteCommand.ExecuteDbDataReaderAsync(CommandBehavior behavior, CancellationToken cancellationToken)
   at Dapper.SqlMapper.QueryAsync[T](IDbConnection cnn, Type effectiveType, CommandDefinition command) in /_/Dapper/SqlMapper.Async.cs:line 434
   at BlazorLoggingDemo.Repository.SqliteLogRepository.GetRecentLogsAsync(Int32 count) in D:\CSharpProjektai\BlazorLoggingDemo\Repository\SqliteLogRepository.cs:line 37
   at BlazorLoggingDemo.Pages.LogViewer.LoadLogs() in D:\CSharpProjektai\BlazorLoggingDemo\Pages\LogViewer.razor:line 116
2025-03-19 19:56:59.689 +02:00 [INF] Log viewer initialized
2025-03-19 19:56:59.696 +02:00 [ERR] Error loading logs
Microsoft.Data.Sqlite.SqliteException (0x80004005): SQLite Error 1: 'no such column: Message'.
   at Microsoft.Data.Sqlite.SqliteException.ThrowExceptionForRC(Int32 rc, sqlite3 db)
   at Microsoft.Data.Sqlite.SqliteCommand.PrepareAndEnumerateStatements()+MoveNext()
   at Microsoft.Data.Sqlite.SqliteCommand.GetStatements()+MoveNext()
   at Microsoft.Data.Sqlite.SqliteDataReader.NextResult()
   at Microsoft.Data.Sqlite.SqliteCommand.ExecuteReader(CommandBehavior behavior)
   at Microsoft.Data.Sqlite.SqliteCommand.ExecuteReaderAsync(CommandBehavior behavior, CancellationToken cancellationToken)
   at Microsoft.Data.Sqlite.SqliteCommand.ExecuteDbDataReaderAsync(CommandBehavior behavior, CancellationToken cancellationToken)
   at Dapper.SqlMapper.QueryAsync[T](IDbConnection cnn, Type effectiveType, CommandDefinition command) in /_/Dapper/SqlMapper.Async.cs:line 434
   at BlazorLoggingDemo.Repository.SqliteLogRepository.GetRecentLogsAsync(Int32 count) in D:\CSharpProjektai\BlazorLoggingDemo\Repository\SqliteLogRepository.cs:line 37
   at BlazorLoggingDemo.Pages.LogViewer.LoadLogs() in D:\CSharpProjektai\BlazorLoggingDemo\Pages\LogViewer.razor:line 116
2025-03-19 19:57:00.921 +02:00 [INF] Log viewer initialized
2025-03-19 19:57:00.926 +02:00 [ERR] Error loading logs
Microsoft.Data.Sqlite.SqliteException (0x80004005): SQLite Error 1: 'no such column: Message'.
   at Microsoft.Data.Sqlite.SqliteException.ThrowExceptionForRC(Int32 rc, sqlite3 db)
   at Microsoft.Data.Sqlite.SqliteCommand.PrepareAndEnumerateStatements()+MoveNext()
   at Microsoft.Data.Sqlite.SqliteCommand.GetStatements()+MoveNext()
   at Microsoft.Data.Sqlite.SqliteDataReader.NextResult()
   at Microsoft.Data.Sqlite.SqliteCommand.ExecuteReader(CommandBehavior behavior)
   at Microsoft.Data.Sqlite.SqliteCommand.ExecuteReaderAsync(CommandBehavior behavior, CancellationToken cancellationToken)
   at Microsoft.Data.Sqlite.SqliteCommand.ExecuteDbDataReaderAsync(CommandBehavior behavior, CancellationToken cancellationToken)
   at Dapper.SqlMapper.QueryAsync[T](IDbConnection cnn, Type effectiveType, CommandDefinition command) in /_/Dapper/SqlMapper.Async.cs:line 434
   at BlazorLoggingDemo.Repository.SqliteLogRepository.GetRecentLogsAsync(Int32 count) in D:\CSharpProjektai\BlazorLoggingDemo\Repository\SqliteLogRepository.cs:line 37
   at BlazorLoggingDemo.Pages.LogViewer.LoadLogs() in D:\CSharpProjektai\BlazorLoggingDemo\Pages\LogViewer.razor:line 116
2025-03-19 19:57:04.016 +02:00 [INF] Log viewer initialized
2025-03-19 19:57:04.023 +02:00 [ERR] Error loading logs
Microsoft.Data.Sqlite.SqliteException (0x80004005): SQLite Error 1: 'no such column: Message'.
   at Microsoft.Data.Sqlite.SqliteException.ThrowExceptionForRC(Int32 rc, sqlite3 db)
   at Microsoft.Data.Sqlite.SqliteCommand.PrepareAndEnumerateStatements()+MoveNext()
   at Microsoft.Data.Sqlite.SqliteCommand.GetStatements()+MoveNext()
   at Microsoft.Data.Sqlite.SqliteDataReader.NextResult()
   at Microsoft.Data.Sqlite.SqliteCommand.ExecuteReader(CommandBehavior behavior)
   at Microsoft.Data.Sqlite.SqliteCommand.ExecuteReaderAsync(CommandBehavior behavior, CancellationToken cancellationToken)
   at Microsoft.Data.Sqlite.SqliteCommand.ExecuteDbDataReaderAsync(CommandBehavior behavior, CancellationToken cancellationToken)
   at Dapper.SqlMapper.QueryAsync[T](IDbConnection cnn, Type effectiveType, CommandDefinition command) in /_/Dapper/SqlMapper.Async.cs:line 434
   at BlazorLoggingDemo.Repository.SqliteLogRepository.GetRecentLogsAsync(Int32 count) in D:\CSharpProjektai\BlazorLoggingDemo\Repository\SqliteLogRepository.cs:line 37
   at BlazorLoggingDemo.Pages.LogViewer.LoadLogs() in D:\CSharpProjektai\BlazorLoggingDemo\Pages\LogViewer.razor:line 116
2025-03-19 19:57:48.615 +02:00 [ERR] Error loading logs
Microsoft.Data.Sqlite.SqliteException (0x80004005): SQLite Error 1: 'no such column: Message'.
   at Microsoft.Data.Sqlite.SqliteException.ThrowExceptionForRC(Int32 rc, sqlite3 db)
   at Microsoft.Data.Sqlite.SqliteCommand.PrepareAndEnumerateStatements()+MoveNext()
   at Microsoft.Data.Sqlite.SqliteCommand.GetStatements()+MoveNext()
   at Microsoft.Data.Sqlite.SqliteDataReader.NextResult()
   at Microsoft.Data.Sqlite.SqliteCommand.ExecuteReader(CommandBehavior behavior)
   at Microsoft.Data.Sqlite.SqliteCommand.ExecuteReaderAsync(CommandBehavior behavior, CancellationToken cancellationToken)
   at Microsoft.Data.Sqlite.SqliteCommand.ExecuteDbDataReaderAsync(CommandBehavior behavior, CancellationToken cancellationToken)
   at Dapper.SqlMapper.QueryAsync[T](IDbConnection cnn, Type effectiveType, CommandDefinition command) in /_/Dapper/SqlMapper.Async.cs:line 434
   at BlazorLoggingDemo.Repository.SqliteLogRepository.GetRecentLogsAsync(Int32 count) in D:\CSharpProjektai\BlazorLoggingDemo\Repository\SqliteLogRepository.cs:line 37
   at BlazorLoggingDemo.Pages.LogViewer.LoadLogs() in D:\CSharpProjektai\BlazorLoggingDemo\Pages\LogViewer.razor:line 116
2025-03-19 19:57:53.835 +02:00 [INF] Log viewer initialized
2025-03-19 19:57:53.841 +02:00 [ERR] Error loading logs
Microsoft.Data.Sqlite.SqliteException (0x80004005): SQLite Error 1: 'no such column: Message'.
   at Microsoft.Data.Sqlite.SqliteException.ThrowExceptionForRC(Int32 rc, sqlite3 db)
   at Microsoft.Data.Sqlite.SqliteCommand.PrepareAndEnumerateStatements()+MoveNext()
   at Microsoft.Data.Sqlite.SqliteCommand.GetStatements()+MoveNext()
   at Microsoft.Data.Sqlite.SqliteDataReader.NextResult()
   at Microsoft.Data.Sqlite.SqliteCommand.ExecuteReader(CommandBehavior behavior)
   at Microsoft.Data.Sqlite.SqliteCommand.ExecuteReaderAsync(CommandBehavior behavior, CancellationToken cancellationToken)
   at Microsoft.Data.Sqlite.SqliteCommand.ExecuteDbDataReaderAsync(CommandBehavior behavior, CancellationToken cancellationToken)
   at Dapper.SqlMapper.QueryAsync[T](IDbConnection cnn, Type effectiveType, CommandDefinition command) in /_/Dapper/SqlMapper.Async.cs:line 434
   at BlazorLoggingDemo.Repository.SqliteLogRepository.GetRecentLogsAsync(Int32 count) in D:\CSharpProjektai\BlazorLoggingDemo\Repository\SqliteLogRepository.cs:line 37
   at BlazorLoggingDemo.Pages.LogViewer.LoadLogs() in D:\CSharpProjektai\BlazorLoggingDemo\Pages\LogViewer.razor:line 116
2025-03-19 19:57:55.499 +02:00 [ERR] Error loading logs
Microsoft.Data.Sqlite.SqliteException (0x80004005): SQLite Error 1: 'no such column: Message'.
   at Microsoft.Data.Sqlite.SqliteException.ThrowExceptionForRC(Int32 rc, sqlite3 db)
   at Microsoft.Data.Sqlite.SqliteCommand.PrepareAndEnumerateStatements()+MoveNext()
   at Microsoft.Data.Sqlite.SqliteCommand.GetStatements()+MoveNext()
   at Microsoft.Data.Sqlite.SqliteDataReader.NextResult()
   at Microsoft.Data.Sqlite.SqliteCommand.ExecuteReader(CommandBehavior behavior)
   at Microsoft.Data.Sqlite.SqliteCommand.ExecuteReaderAsync(CommandBehavior behavior, CancellationToken cancellationToken)
   at Microsoft.Data.Sqlite.SqliteCommand.ExecuteDbDataReaderAsync(CommandBehavior behavior, CancellationToken cancellationToken)
   at Dapper.SqlMapper.QueryAsync[T](IDbConnection cnn, Type effectiveType, CommandDefinition command) in /_/Dapper/SqlMapper.Async.cs:line 434
   at BlazorLoggingDemo.Repository.SqliteLogRepository.GetRecentLogsAsync(Int32 count) in D:\CSharpProjektai\BlazorLoggingDemo\Repository\SqliteLogRepository.cs:line 37
   at BlazorLoggingDemo.Pages.LogViewer.LoadLogs() in D:\CSharpProjektai\BlazorLoggingDemo\Pages\LogViewer.razor:line 116
2025-03-19 19:57:56.060 +02:00 [ERR] Error loading logs
Microsoft.Data.Sqlite.SqliteException (0x80004005): SQLite Error 1: 'no such column: Message'.
   at Microsoft.Data.Sqlite.SqliteException.ThrowExceptionForRC(Int32 rc, sqlite3 db)
   at Microsoft.Data.Sqlite.SqliteCommand.PrepareAndEnumerateStatements()+MoveNext()
   at Microsoft.Data.Sqlite.SqliteCommand.GetStatements()+MoveNext()
   at Microsoft.Data.Sqlite.SqliteDataReader.NextResult()
   at Microsoft.Data.Sqlite.SqliteCommand.ExecuteReader(CommandBehavior behavior)
   at Microsoft.Data.Sqlite.SqliteCommand.ExecuteReaderAsync(CommandBehavior behavior, CancellationToken cancellationToken)
   at Microsoft.Data.Sqlite.SqliteCommand.ExecuteDbDataReaderAsync(CommandBehavior behavior, CancellationToken cancellationToken)
   at Dapper.SqlMapper.QueryAsync[T](IDbConnection cnn, Type effectiveType, CommandDefinition command) in /_/Dapper/SqlMapper.Async.cs:line 434
   at BlazorLoggingDemo.Repository.SqliteLogRepository.GetRecentLogsAsync(Int32 count) in D:\CSharpProjektai\BlazorLoggingDemo\Repository\SqliteLogRepository.cs:line 37
   at BlazorLoggingDemo.Pages.LogViewer.LoadLogs() in D:\CSharpProjektai\BlazorLoggingDemo\Pages\LogViewer.razor:line 116
2025-03-19 19:57:56.506 +02:00 [ERR] Error loading logs
Microsoft.Data.Sqlite.SqliteException (0x80004005): SQLite Error 1: 'no such column: Message'.
   at Microsoft.Data.Sqlite.SqliteException.ThrowExceptionForRC(Int32 rc, sqlite3 db)
   at Microsoft.Data.Sqlite.SqliteCommand.PrepareAndEnumerateStatements()+MoveNext()
   at Microsoft.Data.Sqlite.SqliteCommand.GetStatements()+MoveNext()
   at Microsoft.Data.Sqlite.SqliteDataReader.NextResult()
   at Microsoft.Data.Sqlite.SqliteCommand.ExecuteReader(CommandBehavior behavior)
   at Microsoft.Data.Sqlite.SqliteCommand.ExecuteReaderAsync(CommandBehavior behavior, CancellationToken cancellationToken)
   at Microsoft.Data.Sqlite.SqliteCommand.ExecuteDbDataReaderAsync(CommandBehavior behavior, CancellationToken cancellationToken)
   at Dapper.SqlMapper.QueryAsync[T](IDbConnection cnn, Type effectiveType, CommandDefinition command) in /_/Dapper/SqlMapper.Async.cs:line 434
   at BlazorLoggingDemo.Repository.SqliteLogRepository.GetRecentLogsAsync(Int32 count) in D:\CSharpProjektai\BlazorLoggingDemo\Repository\SqliteLogRepository.cs:line 37
   at BlazorLoggingDemo.Pages.LogViewer.LoadLogs() in D:\CSharpProjektai\BlazorLoggingDemo\Pages\LogViewer.razor:line 116
2025-03-19 19:57:57.445 +02:00 [INF] Log viewer initialized
2025-03-19 19:57:57.452 +02:00 [ERR] Error loading logs
Microsoft.Data.Sqlite.SqliteException (0x80004005): SQLite Error 1: 'no such column: Message'.
   at Microsoft.Data.Sqlite.SqliteException.ThrowExceptionForRC(Int32 rc, sqlite3 db)
   at Microsoft.Data.Sqlite.SqliteCommand.PrepareAndEnumerateStatements()+MoveNext()
   at Microsoft.Data.Sqlite.SqliteCommand.GetStatements()+MoveNext()
   at Microsoft.Data.Sqlite.SqliteDataReader.NextResult()
   at Microsoft.Data.Sqlite.SqliteCommand.ExecuteReader(CommandBehavior behavior)
   at Microsoft.Data.Sqlite.SqliteCommand.ExecuteReaderAsync(CommandBehavior behavior, CancellationToken cancellationToken)
   at Microsoft.Data.Sqlite.SqliteCommand.ExecuteDbDataReaderAsync(CommandBehavior behavior, CancellationToken cancellationToken)
   at Dapper.SqlMapper.QueryAsync[T](IDbConnection cnn, Type effectiveType, CommandDefinition command) in /_/Dapper/SqlMapper.Async.cs:line 434
   at BlazorLoggingDemo.Repository.SqliteLogRepository.GetRecentLogsAsync(Int32 count) in D:\CSharpProjektai\BlazorLoggingDemo\Repository\SqliteLogRepository.cs:line 37
   at BlazorLoggingDemo.Pages.LogViewer.LoadLogs() in D:\CSharpProjektai\BlazorLoggingDemo\Pages\LogViewer.razor:line 116
2025-03-19 19:57:57.591 +02:00 [INF] Log viewer initialized
2025-03-19 19:57:57.598 +02:00 [ERR] Error loading logs
Microsoft.Data.Sqlite.SqliteException (0x80004005): SQLite Error 1: 'no such column: Message'.
   at Microsoft.Data.Sqlite.SqliteException.ThrowExceptionForRC(Int32 rc, sqlite3 db)
   at Microsoft.Data.Sqlite.SqliteCommand.PrepareAndEnumerateStatements()+MoveNext()
   at Microsoft.Data.Sqlite.SqliteCommand.GetStatements()+MoveNext()
   at Microsoft.Data.Sqlite.SqliteDataReader.NextResult()
   at Microsoft.Data.Sqlite.SqliteCommand.ExecuteReader(CommandBehavior behavior)
   at Microsoft.Data.Sqlite.SqliteCommand.ExecuteReaderAsync(CommandBehavior behavior, CancellationToken cancellationToken)
   at Microsoft.Data.Sqlite.SqliteCommand.ExecuteDbDataReaderAsync(CommandBehavior behavior, CancellationToken cancellationToken)
   at Dapper.SqlMapper.QueryAsync[T](IDbConnection cnn, Type effectiveType, CommandDefinition command) in /_/Dapper/SqlMapper.Async.cs:line 434
   at BlazorLoggingDemo.Repository.SqliteLogRepository.GetRecentLogsAsync(Int32 count) in D:\CSharpProjektai\BlazorLoggingDemo\Repository\SqliteLogRepository.cs:line 37
   at BlazorLoggingDemo.Pages.LogViewer.LoadLogs() in D:\CSharpProjektai\BlazorLoggingDemo\Pages\LogViewer.razor:line 116
2025-03-19 19:57:59.609 +02:00 [ERR] Error loading logs
Microsoft.Data.Sqlite.SqliteException (0x80004005): SQLite Error 1: 'no such column: Message'.
   at Microsoft.Data.Sqlite.SqliteException.ThrowExceptionForRC(Int32 rc, sqlite3 db)
   at Microsoft.Data.Sqlite.SqliteCommand.PrepareAndEnumerateStatements()+MoveNext()
   at Microsoft.Data.Sqlite.SqliteCommand.GetStatements()+MoveNext()
   at Microsoft.Data.Sqlite.SqliteDataReader.NextResult()
   at Microsoft.Data.Sqlite.SqliteCommand.ExecuteReader(CommandBehavior behavior)
   at Microsoft.Data.Sqlite.SqliteCommand.ExecuteReaderAsync(CommandBehavior behavior, CancellationToken cancellationToken)
   at Microsoft.Data.Sqlite.SqliteCommand.ExecuteDbDataReaderAsync(CommandBehavior behavior, CancellationToken cancellationToken)
   at Dapper.SqlMapper.QueryAsync[T](IDbConnection cnn, Type effectiveType, CommandDefinition command) in /_/Dapper/SqlMapper.Async.cs:line 434
   at BlazorLoggingDemo.Repository.SqliteLogRepository.GetRecentLogsAsync(Int32 count) in D:\CSharpProjektai\BlazorLoggingDemo\Repository\SqliteLogRepository.cs:line 37
   at BlazorLoggingDemo.Pages.LogViewer.LoadLogs() in D:\CSharpProjektai\BlazorLoggingDemo\Pages\LogViewer.razor:line 116
2025-03-19 19:58:07.208 +02:00 [ERR] Error loading logs
Microsoft.Data.Sqlite.SqliteException (0x80004005): SQLite Error 1: 'no such column: Message'.
   at Microsoft.Data.Sqlite.SqliteException.ThrowExceptionForRC(Int32 rc, sqlite3 db)
   at Microsoft.Data.Sqlite.SqliteCommand.PrepareAndEnumerateStatements()+MoveNext()
   at Microsoft.Data.Sqlite.SqliteCommand.GetStatements()+MoveNext()
   at Microsoft.Data.Sqlite.SqliteDataReader.NextResult()
   at Microsoft.Data.Sqlite.SqliteCommand.ExecuteReader(CommandBehavior behavior)
   at Microsoft.Data.Sqlite.SqliteCommand.ExecuteReaderAsync(CommandBehavior behavior, CancellationToken cancellationToken)
   at Microsoft.Data.Sqlite.SqliteCommand.ExecuteDbDataReaderAsync(CommandBehavior behavior, CancellationToken cancellationToken)
   at Dapper.SqlMapper.QueryAsync[T](IDbConnection cnn, Type effectiveType, CommandDefinition command) in /_/Dapper/SqlMapper.Async.cs:line 434
   at BlazorLoggingDemo.Repository.SqliteLogRepository.GetRecentLogsAsync(Int32 count) in D:\CSharpProjektai\BlazorLoggingDemo\Repository\SqliteLogRepository.cs:line 37
   at BlazorLoggingDemo.Pages.LogViewer.LoadLogs() in D:\CSharpProjektai\BlazorLoggingDemo\Pages\LogViewer.razor:line 116
2025-03-19 19:58:07.907 +02:00 [ERR] Error loading logs
Microsoft.Data.Sqlite.SqliteException (0x80004005): SQLite Error 1: 'no such column: Message'.
   at Microsoft.Data.Sqlite.SqliteException.ThrowExceptionForRC(Int32 rc, sqlite3 db)
   at Microsoft.Data.Sqlite.SqliteCommand.PrepareAndEnumerateStatements()+MoveNext()
   at Microsoft.Data.Sqlite.SqliteCommand.GetStatements()+MoveNext()
   at Microsoft.Data.Sqlite.SqliteDataReader.NextResult()
   at Microsoft.Data.Sqlite.SqliteCommand.ExecuteReader(CommandBehavior behavior)
   at Microsoft.Data.Sqlite.SqliteCommand.ExecuteReaderAsync(CommandBehavior behavior, CancellationToken cancellationToken)
   at Microsoft.Data.Sqlite.SqliteCommand.ExecuteDbDataReaderAsync(CommandBehavior behavior, CancellationToken cancellationToken)
   at Dapper.SqlMapper.QueryAsync[T](IDbConnection cnn, Type effectiveType, CommandDefinition command) in /_/Dapper/SqlMapper.Async.cs:line 434
   at BlazorLoggingDemo.Repository.SqliteLogRepository.GetRecentLogsAsync(Int32 count) in D:\CSharpProjektai\BlazorLoggingDemo\Repository\SqliteLogRepository.cs:line 37
   at BlazorLoggingDemo.Pages.LogViewer.LoadLogs() in D:\CSharpProjektai\BlazorLoggingDemo\Pages\LogViewer.razor:line 116
2025-03-19 19:58:08.244 +02:00 [ERR] Error loading logs
Microsoft.Data.Sqlite.SqliteException (0x80004005): SQLite Error 1: 'no such column: Message'.
   at Microsoft.Data.Sqlite.SqliteException.ThrowExceptionForRC(Int32 rc, sqlite3 db)
   at Microsoft.Data.Sqlite.SqliteCommand.PrepareAndEnumerateStatements()+MoveNext()
   at Microsoft.Data.Sqlite.SqliteCommand.GetStatements()+MoveNext()
   at Microsoft.Data.Sqlite.SqliteDataReader.NextResult()
   at Microsoft.Data.Sqlite.SqliteCommand.ExecuteReader(CommandBehavior behavior)
   at Microsoft.Data.Sqlite.SqliteCommand.ExecuteReaderAsync(CommandBehavior behavior, CancellationToken cancellationToken)
   at Microsoft.Data.Sqlite.SqliteCommand.ExecuteDbDataReaderAsync(CommandBehavior behavior, CancellationToken cancellationToken)
   at Dapper.SqlMapper.QueryAsync[T](IDbConnection cnn, Type effectiveType, CommandDefinition command) in /_/Dapper/SqlMapper.Async.cs:line 434
   at BlazorLoggingDemo.Repository.SqliteLogRepository.GetRecentLogsAsync(Int32 count) in D:\CSharpProjektai\BlazorLoggingDemo\Repository\SqliteLogRepository.cs:line 37
   at BlazorLoggingDemo.Pages.LogViewer.LoadLogs() in D:\CSharpProjektai\BlazorLoggingDemo\Pages\LogViewer.razor:line 116
2025-03-19 19:58:08.537 +02:00 [ERR] Error loading logs
Microsoft.Data.Sqlite.SqliteException (0x80004005): SQLite Error 1: 'no such column: Message'.
   at Microsoft.Data.Sqlite.SqliteException.ThrowExceptionForRC(Int32 rc, sqlite3 db)
   at Microsoft.Data.Sqlite.SqliteCommand.PrepareAndEnumerateStatements()+MoveNext()
   at Microsoft.Data.Sqlite.SqliteCommand.GetStatements()+MoveNext()
   at Microsoft.Data.Sqlite.SqliteDataReader.NextResult()
   at Microsoft.Data.Sqlite.SqliteCommand.ExecuteReader(CommandBehavior behavior)
   at Microsoft.Data.Sqlite.SqliteCommand.ExecuteReaderAsync(CommandBehavior behavior, CancellationToken cancellationToken)
   at Microsoft.Data.Sqlite.SqliteCommand.ExecuteDbDataReaderAsync(CommandBehavior behavior, CancellationToken cancellationToken)
   at Dapper.SqlMapper.QueryAsync[T](IDbConnection cnn, Type effectiveType, CommandDefinition command) in /_/Dapper/SqlMapper.Async.cs:line 434
   at BlazorLoggingDemo.Repository.SqliteLogRepository.GetRecentLogsAsync(Int32 count) in D:\CSharpProjektai\BlazorLoggingDemo\Repository\SqliteLogRepository.cs:line 37
   at BlazorLoggingDemo.Pages.LogViewer.LoadLogs() in D:\CSharpProjektai\BlazorLoggingDemo\Pages\LogViewer.razor:line 116
2025-03-19 19:58:08.738 +02:00 [ERR] Error loading logs
Microsoft.Data.Sqlite.SqliteException (0x80004005): SQLite Error 1: 'no such column: Message'.
   at Microsoft.Data.Sqlite.SqliteException.ThrowExceptionForRC(Int32 rc, sqlite3 db)
   at Microsoft.Data.Sqlite.SqliteCommand.PrepareAndEnumerateStatements()+MoveNext()
   at Microsoft.Data.Sqlite.SqliteCommand.GetStatements()+MoveNext()
   at Microsoft.Data.Sqlite.SqliteDataReader.NextResult()
   at Microsoft.Data.Sqlite.SqliteCommand.ExecuteReader(CommandBehavior behavior)
   at Microsoft.Data.Sqlite.SqliteCommand.ExecuteReaderAsync(CommandBehavior behavior, CancellationToken cancellationToken)
   at Microsoft.Data.Sqlite.SqliteCommand.ExecuteDbDataReaderAsync(CommandBehavior behavior, CancellationToken cancellationToken)
   at Dapper.SqlMapper.QueryAsync[T](IDbConnection cnn, Type effectiveType, CommandDefinition command) in /_/Dapper/SqlMapper.Async.cs:line 434
   at BlazorLoggingDemo.Repository.SqliteLogRepository.GetRecentLogsAsync(Int32 count) in D:\CSharpProjektai\BlazorLoggingDemo\Repository\SqliteLogRepository.cs:line 37
   at BlazorLoggingDemo.Pages.LogViewer.LoadLogs() in D:\CSharpProjektai\BlazorLoggingDemo\Pages\LogViewer.razor:line 116
2025-03-19 19:58:39.933 +02:00 [ERR] An unhandled exception has occurred while executing the request.
Microsoft.Data.Sqlite.SqliteException (0x80004005): SQLite Error 1: 'no such column: Message'.
   at Microsoft.Data.Sqlite.SqliteException.ThrowExceptionForRC(Int32 rc, sqlite3 db)
   at Microsoft.Data.Sqlite.SqliteCommand.PrepareAndEnumerateStatements()+MoveNext()
   at Microsoft.Data.Sqlite.SqliteCommand.GetStatements()+MoveNext()
   at Microsoft.Data.Sqlite.SqliteDataReader.NextResult()
   at Microsoft.Data.Sqlite.SqliteCommand.ExecuteReader(CommandBehavior behavior)
   at Microsoft.Data.Sqlite.SqliteCommand.ExecuteReaderAsync(CommandBehavior behavior, CancellationToken cancellationToken)
   at Microsoft.Data.Sqlite.SqliteCommand.ExecuteDbDataReaderAsync(CommandBehavior behavior, CancellationToken cancellationToken)
   at Dapper.SqlMapper.QueryAsync[T](IDbConnection cnn, Type effectiveType, CommandDefinition command) in /_/Dapper/SqlMapper.Async.cs:line 434
   at BlazorLoggingDemo.Repository.SqliteLogRepository.GetRecentLogsAsync(Int32 count) in D:\CSharpProjektai\BlazorLoggingDemo\Repository\SqliteLogRepository.cs:line 37
   at BlazorLoggingDemo.Pages.LogDashboard.OnInitializedAsync() in D:\CSharpProjektai\BlazorLoggingDemo\Pages\LogDashboard.razor:line 69
   at Microsoft.AspNetCore.Components.ComponentBase.RunInitAndSetParametersAsync()
   at Microsoft.AspNetCore.Components.Rendering.HtmlRenderer.HandleException(Exception exception)
   at Microsoft.AspNetCore.Components.RenderTree.Renderer.HandleExceptionViaErrorBoundary(Exception error, ComponentState errorSourceOrNull)
   at Microsoft.AspNetCore.Components.RenderTree.RenderTreeDiffBuilder.InitializeNewComponentFrame(DiffContext& diffContext, Int32 frameIndex)
   at Microsoft.AspNetCore.Components.RenderTree.RenderTreeDiffBuilder.InitializeNewSubtree(DiffContext& diffContext, Int32 frameIndex)
   at Microsoft.AspNetCore.Components.RenderTree.RenderTreeDiffBuilder.InsertNewFrame(DiffContext& diffContext, Int32 newFrameIndex)
   at Microsoft.AspNetCore.Components.RenderTree.RenderTreeDiffBuilder.AppendDiffEntriesForRange(DiffContext& diffContext, Int32 oldStartIndex, Int32 oldEndIndexExcl, Int32 newStartIndex, Int32 newEndIndexExcl)
   at Microsoft.AspNetCore.Components.RenderTree.RenderTreeDiffBuilder.ComputeDiff(Renderer renderer, RenderBatchBuilder batchBuilder, Int32 componentId, ArrayRange`1 oldTree, ArrayRange`1 newTree)
   at Microsoft.AspNetCore.Components.Rendering.ComponentState.RenderIntoBatch(RenderBatchBuilder batchBuilder, RenderFragment renderFragment, Exception& renderFragmentException)
   at Microsoft.AspNetCore.Components.RenderTree.Renderer.ProcessRenderQueue()
--- End of stack trace from previous location ---
   at Microsoft.AspNetCore.Components.Rendering.HtmlRenderer.HandleException(Exception exception)
   at Microsoft.AspNetCore.Components.RenderTree.Renderer.ProcessRenderQueue()
   at Microsoft.AspNetCore.Components.RenderTree.Renderer.AddToRenderQueue(Int32 componentId, RenderFragment renderFragment)
   at Microsoft.AspNetCore.Components.ComponentBase.StateHasChanged()
   at Microsoft.AspNetCore.Components.ComponentBase.CallOnParametersSetAsync()
   at Microsoft.AspNetCore.Components.ComponentBase.RunInitAndSetParametersAsync()
   at Microsoft.AspNetCore.Components.Rendering.HtmlRenderer.HandleException(Exception exception)
   at Microsoft.AspNetCore.Components.RenderTree.Renderer.HandleExceptionViaErrorBoundary(Exception error, ComponentState errorSourceOrNull)
   at Microsoft.AspNetCore.Components.Rendering.ComponentState.SetDirectParameters(ParameterView parameters)
   at Microsoft.AspNetCore.Components.RenderTree.Renderer.RenderRootComponentAsync(Int32 componentId, ParameterView initialParameters)
   at Microsoft.AspNetCore.Components.Rendering.HtmlRenderer.CreateInitialRenderAsync(Type componentType, ParameterView initialParameters)
   at Microsoft.AspNetCore.Components.Rendering.HtmlRenderer.RenderComponentAsync(Type componentType, ParameterView initialParameters)
   at Microsoft.AspNetCore.Components.Rendering.RendererSynchronizationContext.<>c__11`1.<<InvokeAsync>b__11_0>d.MoveNext()
--- End of stack trace from previous location ---
   at Microsoft.AspNetCore.Mvc.ViewFeatures.StaticComponentRenderer.PrerenderComponentAsync(ParameterView parameters, HttpContext httpContext, Type componentType)
   at Microsoft.AspNetCore.Mvc.ViewFeatures.ComponentRenderer.PrerenderedServerComponentAsync(HttpContext context, ServerComponentInvocationSequence invocationId, Type type, ParameterView parametersCollection)
   at Microsoft.AspNetCore.Mvc.ViewFeatures.ComponentRenderer.RenderComponentAsync(ViewContext viewContext, Type componentType, RenderMode renderMode, Object parameters)
   at Microsoft.AspNetCore.Mvc.TagHelpers.ComponentTagHelper.ProcessAsync(TagHelperContext context, TagHelperOutput output)
   at Microsoft.AspNetCore.Razor.Runtime.TagHelpers.TagHelperRunner.<RunAsync>g__Awaited|0_0(Task task, TagHelperExecutionContext executionContext, Int32 i, Int32 count)
   at BlazorLoggingDemo.Pages.Pages__Host.ExecuteAsync() in D:\CSharpProjektai\BlazorLoggingDemo\Pages\_Host.cshtml:line 5
   at Microsoft.AspNetCore.Mvc.Razor.RazorView.RenderPageCoreAsync(IRazorPage page, ViewContext context)
   at Microsoft.AspNetCore.Mvc.Razor.RazorView.RenderPageAsync(IRazorPage page, ViewContext context, Boolean invokeViewStarts)
   at Microsoft.AspNetCore.Mvc.Razor.RazorView.RenderAsync(ViewContext context)
   at Microsoft.AspNetCore.Mvc.ViewFeatures.ViewExecutor.ExecuteAsync(ViewContext viewContext, String contentType, Nullable`1 statusCode)
   at Microsoft.AspNetCore.Mvc.ViewFeatures.ViewExecutor.ExecuteAsync(ViewContext viewContext, String contentType, Nullable`1 statusCode)
   at Microsoft.AspNetCore.Mvc.Infrastructure.ResourceInvoker.<InvokeResultAsync>g__Logged|22_0(ResourceInvoker invoker, IActionResult result)
   at Microsoft.AspNetCore.Mvc.Infrastructure.ResourceInvoker.<InvokeNextResultFilterAsync>g__Awaited|30_0[TFilter,TFilterAsync](ResourceInvoker invoker, Task lastTask, State next, Scope scope, Object state, Boolean isCompleted)
   at Microsoft.AspNetCore.Mvc.Infrastructure.ResourceInvoker.Rethrow(ResultExecutedContextSealed context)
   at Microsoft.AspNetCore.Mvc.Infrastructure.ResourceInvoker.ResultNext[TFilter,TFilterAsync](State& next, Scope& scope, Object& state, Boolean& isCompleted)
   at Microsoft.AspNetCore.Mvc.Infrastructure.ResourceInvoker.InvokeResultFilters()
--- End of stack trace from previous location ---
   at Microsoft.AspNetCore.Mvc.Infrastructure.ResourceInvoker.<InvokeNextResourceFilter>g__Awaited|25_0(ResourceInvoker invoker, Task lastTask, State next, Scope scope, Object state, Boolean isCompleted)
   at Microsoft.AspNetCore.Mvc.Infrastructure.ResourceInvoker.Rethrow(ResourceExecutedContextSealed context)
   at Microsoft.AspNetCore.Mvc.Infrastructure.ResourceInvoker.Next(State& next, Scope& scope, Object& state, Boolean& isCompleted)
   at Microsoft.AspNetCore.Mvc.Infrastructure.ResourceInvoker.InvokeFilterPipelineAsync()
--- End of stack trace from previous location ---
   at Microsoft.AspNetCore.Mvc.Infrastructure.ResourceInvoker.<InvokeAsync>g__Logged|17_1(ResourceInvoker invoker)
   at Microsoft.AspNetCore.Mvc.Infrastructure.ResourceInvoker.<InvokeAsync>g__Logged|17_1(ResourceInvoker invoker)
   at Microsoft.AspNetCore.Routing.EndpointMiddleware.<Invoke>g__AwaitRequestTask|6_0(Endpoint endpoint, Task requestTask, ILogger logger)
   at Microsoft.AspNetCore.Diagnostics.DeveloperExceptionPageMiddleware.Invoke(HttpContext context)
2025-03-19 19:58:45.250 +02:00 [INF] Log viewer initialized
2025-03-19 19:58:45.254 +02:00 [ERR] Error loading logs
Microsoft.Data.Sqlite.SqliteException (0x80004005): SQLite Error 1: 'no such column: Message'.
   at Microsoft.Data.Sqlite.SqliteException.ThrowExceptionForRC(Int32 rc, sqlite3 db)
   at Microsoft.Data.Sqlite.SqliteCommand.PrepareAndEnumerateStatements()+MoveNext()
   at Microsoft.Data.Sqlite.SqliteCommand.GetStatements()+MoveNext()
   at Microsoft.Data.Sqlite.SqliteDataReader.NextResult()
   at Microsoft.Data.Sqlite.SqliteCommand.ExecuteReader(CommandBehavior behavior)
   at Microsoft.Data.Sqlite.SqliteCommand.ExecuteReaderAsync(CommandBehavior behavior, CancellationToken cancellationToken)
   at Microsoft.Data.Sqlite.SqliteCommand.ExecuteDbDataReaderAsync(CommandBehavior behavior, CancellationToken cancellationToken)
   at Dapper.SqlMapper.QueryAsync[T](IDbConnection cnn, Type effectiveType, CommandDefinition command) in /_/Dapper/SqlMapper.Async.cs:line 434
   at BlazorLoggingDemo.Repository.SqliteLogRepository.GetRecentLogsAsync(Int32 count) in D:\CSharpProjektai\BlazorLoggingDemo\Repository\SqliteLogRepository.cs:line 37
   at BlazorLoggingDemo.Pages.LogViewer.LoadLogs() in D:\CSharpProjektai\BlazorLoggingDemo\Pages\LogViewer.razor:line 116
2025-03-19 19:58:45.383 +02:00 [INF] Log viewer initialized
2025-03-19 19:58:45.391 +02:00 [ERR] Error loading logs
Microsoft.Data.Sqlite.SqliteException (0x80004005): SQLite Error 1: 'no such column: Message'.
   at Microsoft.Data.Sqlite.SqliteException.ThrowExceptionForRC(Int32 rc, sqlite3 db)
   at Microsoft.Data.Sqlite.SqliteCommand.PrepareAndEnumerateStatements()+MoveNext()
   at Microsoft.Data.Sqlite.SqliteCommand.GetStatements()+MoveNext()
   at Microsoft.Data.Sqlite.SqliteDataReader.NextResult()
   at Microsoft.Data.Sqlite.SqliteCommand.ExecuteReader(CommandBehavior behavior)
   at Microsoft.Data.Sqlite.SqliteCommand.ExecuteReaderAsync(CommandBehavior behavior, CancellationToken cancellationToken)
   at Microsoft.Data.Sqlite.SqliteCommand.ExecuteDbDataReaderAsync(CommandBehavior behavior, CancellationToken cancellationToken)
   at Dapper.SqlMapper.QueryAsync[T](IDbConnection cnn, Type effectiveType, CommandDefinition command) in /_/Dapper/SqlMapper.Async.cs:line 434
   at BlazorLoggingDemo.Repository.SqliteLogRepository.GetRecentLogsAsync(Int32 count) in D:\CSharpProjektai\BlazorLoggingDemo\Repository\SqliteLogRepository.cs:line 37
   at BlazorLoggingDemo.Pages.LogViewer.LoadLogs() in D:\CSharpProjektai\BlazorLoggingDemo\Pages\LogViewer.razor:line 116
2025-03-19 19:59:02.763 +02:00 [INF] Log viewer initialized
2025-03-19 19:59:02.956 +02:00 [ERR] Error loading logs
Microsoft.Data.Sqlite.SqliteException (0x80004005): SQLite Error 1: 'no such column: Message'.
   at Microsoft.Data.Sqlite.SqliteException.ThrowExceptionForRC(Int32 rc, sqlite3 db)
   at Microsoft.Data.Sqlite.SqliteCommand.PrepareAndEnumerateStatements()+MoveNext()
   at Microsoft.Data.Sqlite.SqliteCommand.GetStatements()+MoveNext()
   at Microsoft.Data.Sqlite.SqliteDataReader.NextResult()
   at Microsoft.Data.Sqlite.SqliteCommand.ExecuteReader(CommandBehavior behavior)
   at Microsoft.Data.Sqlite.SqliteCommand.ExecuteReaderAsync(CommandBehavior behavior, CancellationToken cancellationToken)
   at Microsoft.Data.Sqlite.SqliteCommand.ExecuteDbDataReaderAsync(CommandBehavior behavior, CancellationToken cancellationToken)
   at Dapper.SqlMapper.QueryAsync[T](IDbConnection cnn, Type effectiveType, CommandDefinition command) in /_/Dapper/SqlMapper.Async.cs:line 434
   at BlazorLoggingDemo.Repository.SqliteLogRepository.GetRecentLogsAsync(Int32 count) in D:\CSharpProjektai\BlazorLoggingDemo\Repository\SqliteLogRepository.cs:line 37
   at BlazorLoggingDemo.Pages.LogViewer.LoadLogs() in D:\CSharpProjektai\BlazorLoggingDemo\Pages\LogViewer.razor:line 116
2025-03-19 19:59:04.931 +02:00 [ERR] Error loading logs
Microsoft.Data.Sqlite.SqliteException (0x80004005): SQLite Error 1: 'no such column: Message'.
   at Microsoft.Data.Sqlite.SqliteException.ThrowExceptionForRC(Int32 rc, sqlite3 db)
   at Microsoft.Data.Sqlite.SqliteCommand.PrepareAndEnumerateStatements()+MoveNext()
   at Microsoft.Data.Sqlite.SqliteCommand.GetStatements()+MoveNext()
   at Microsoft.Data.Sqlite.SqliteDataReader.NextResult()
   at Microsoft.Data.Sqlite.SqliteCommand.ExecuteReader(CommandBehavior behavior)
   at Microsoft.Data.Sqlite.SqliteCommand.ExecuteReaderAsync(CommandBehavior behavior, CancellationToken cancellationToken)
   at Microsoft.Data.Sqlite.SqliteCommand.ExecuteDbDataReaderAsync(CommandBehavior behavior, CancellationToken cancellationToken)
   at Dapper.SqlMapper.QueryAsync[T](IDbConnection cnn, Type effectiveType, CommandDefinition command) in /_/Dapper/SqlMapper.Async.cs:line 434
   at BlazorLoggingDemo.Repository.SqliteLogRepository.GetRecentLogsAsync(Int32 count) in D:\CSharpProjektai\BlazorLoggingDemo\Repository\SqliteLogRepository.cs:line 37
   at BlazorLoggingDemo.Pages.LogViewer.LoadLogs() in D:\CSharpProjektai\BlazorLoggingDemo\Pages\LogViewer.razor:line 116
2025-03-19 19:59:05.859 +02:00 [ERR] Error loading logs
Microsoft.Data.Sqlite.SqliteException (0x80004005): SQLite Error 1: 'no such column: Message'.
   at Microsoft.Data.Sqlite.SqliteException.ThrowExceptionForRC(Int32 rc, sqlite3 db)
   at Microsoft.Data.Sqlite.SqliteCommand.PrepareAndEnumerateStatements()+MoveNext()
   at Microsoft.Data.Sqlite.SqliteCommand.GetStatements()+MoveNext()
   at Microsoft.Data.Sqlite.SqliteDataReader.NextResult()
   at Microsoft.Data.Sqlite.SqliteCommand.ExecuteReader(CommandBehavior behavior)
   at Microsoft.Data.Sqlite.SqliteCommand.ExecuteReaderAsync(CommandBehavior behavior, CancellationToken cancellationToken)
   at Microsoft.Data.Sqlite.SqliteCommand.ExecuteDbDataReaderAsync(CommandBehavior behavior, CancellationToken cancellationToken)
   at Dapper.SqlMapper.QueryAsync[T](IDbConnection cnn, Type effectiveType, CommandDefinition command) in /_/Dapper/SqlMapper.Async.cs:line 434
   at BlazorLoggingDemo.Repository.SqliteLogRepository.GetRecentLogsAsync(Int32 count) in D:\CSharpProjektai\BlazorLoggingDemo\Repository\SqliteLogRepository.cs:line 37
   at BlazorLoggingDemo.Pages.LogViewer.LoadLogs() in D:\CSharpProjektai\BlazorLoggingDemo\Pages\LogViewer.razor:line 116
2025-03-19 19:59:06.042 +02:00 [ERR] Error loading logs
Microsoft.Data.Sqlite.SqliteException (0x80004005): SQLite Error 1: 'no such column: Message'.
   at Microsoft.Data.Sqlite.SqliteException.ThrowExceptionForRC(Int32 rc, sqlite3 db)
   at Microsoft.Data.Sqlite.SqliteCommand.PrepareAndEnumerateStatements()+MoveNext()
   at Microsoft.Data.Sqlite.SqliteCommand.GetStatements()+MoveNext()
   at Microsoft.Data.Sqlite.SqliteDataReader.NextResult()
   at Microsoft.Data.Sqlite.SqliteCommand.ExecuteReader(CommandBehavior behavior)
   at Microsoft.Data.Sqlite.SqliteCommand.ExecuteReaderAsync(CommandBehavior behavior, CancellationToken cancellationToken)
   at Microsoft.Data.Sqlite.SqliteCommand.ExecuteDbDataReaderAsync(CommandBehavior behavior, CancellationToken cancellationToken)
   at Dapper.SqlMapper.QueryAsync[T](IDbConnection cnn, Type effectiveType, CommandDefinition command) in /_/Dapper/SqlMapper.Async.cs:line 434
   at BlazorLoggingDemo.Repository.SqliteLogRepository.GetRecentLogsAsync(Int32 count) in D:\CSharpProjektai\BlazorLoggingDemo\Repository\SqliteLogRepository.cs:line 37
   at BlazorLoggingDemo.Pages.LogViewer.LoadLogs() in D:\CSharpProjektai\BlazorLoggingDemo\Pages\LogViewer.razor:line 116
2025-03-19 19:59:14.991 +02:00 [ERR] Error loading logs
Microsoft.Data.Sqlite.SqliteException (0x80004005): SQLite Error 1: 'no such column: Message'.
   at Microsoft.Data.Sqlite.SqliteException.ThrowExceptionForRC(Int32 rc, sqlite3 db)
   at Microsoft.Data.Sqlite.SqliteCommand.PrepareAndEnumerateStatements()+MoveNext()
   at Microsoft.Data.Sqlite.SqliteCommand.GetStatements()+MoveNext()
   at Microsoft.Data.Sqlite.SqliteDataReader.NextResult()
   at Microsoft.Data.Sqlite.SqliteCommand.ExecuteReader(CommandBehavior behavior)
   at Microsoft.Data.Sqlite.SqliteCommand.ExecuteReaderAsync(CommandBehavior behavior, CancellationToken cancellationToken)
   at Microsoft.Data.Sqlite.SqliteCommand.ExecuteDbDataReaderAsync(CommandBehavior behavior, CancellationToken cancellationToken)
   at Dapper.SqlMapper.QueryAsync[T](IDbConnection cnn, Type effectiveType, CommandDefinition command) in /_/Dapper/SqlMapper.Async.cs:line 434
   at BlazorLoggingDemo.Repository.SqliteLogRepository.GetLogsByLevelAsync(String level, DateTime startDate, DateTime endDate) in D:\CSharpProjektai\BlazorLoggingDemo\Repository\SqliteLogRepository.cs:line 48
   at BlazorLoggingDemo.Pages.LogViewer.LoadLogs() in D:\CSharpProjektai\BlazorLoggingDemo\Pages\LogViewer.razor:line 120
2025-03-19 19:59:16.719 +02:00 [ERR] Error loading logs
Microsoft.Data.Sqlite.SqliteException (0x80004005): SQLite Error 1: 'no such column: Message'.
   at Microsoft.Data.Sqlite.SqliteException.ThrowExceptionForRC(Int32 rc, sqlite3 db)
   at Microsoft.Data.Sqlite.SqliteCommand.PrepareAndEnumerateStatements()+MoveNext()
   at Microsoft.Data.Sqlite.SqliteCommand.GetStatements()+MoveNext()
   at Microsoft.Data.Sqlite.SqliteDataReader.NextResult()
   at Microsoft.Data.Sqlite.SqliteCommand.ExecuteReader(CommandBehavior behavior)
   at Microsoft.Data.Sqlite.SqliteCommand.ExecuteReaderAsync(CommandBehavior behavior, CancellationToken cancellationToken)
   at Microsoft.Data.Sqlite.SqliteCommand.ExecuteDbDataReaderAsync(CommandBehavior behavior, CancellationToken cancellationToken)
   at Dapper.SqlMapper.QueryAsync[T](IDbConnection cnn, Type effectiveType, CommandDefinition command) in /_/Dapper/SqlMapper.Async.cs:line 434
   at BlazorLoggingDemo.Repository.SqliteLogRepository.GetLogsByLevelAsync(String level, DateTime startDate, DateTime endDate) in D:\CSharpProjektai\BlazorLoggingDemo\Repository\SqliteLogRepository.cs:line 48
   at BlazorLoggingDemo.Pages.LogViewer.LoadLogs() in D:\CSharpProjektai\BlazorLoggingDemo\Pages\LogViewer.razor:line 120
2025-03-19 19:59:16.847 +02:00 [ERR] Error loading logs
Microsoft.Data.Sqlite.SqliteException (0x80004005): SQLite Error 1: 'no such column: Message'.
   at Microsoft.Data.Sqlite.SqliteException.ThrowExceptionForRC(Int32 rc, sqlite3 db)
   at Microsoft.Data.Sqlite.SqliteCommand.PrepareAndEnumerateStatements()+MoveNext()
   at Microsoft.Data.Sqlite.SqliteCommand.GetStatements()+MoveNext()
   at Microsoft.Data.Sqlite.SqliteDataReader.NextResult()
   at Microsoft.Data.Sqlite.SqliteCommand.ExecuteReader(CommandBehavior behavior)
   at Microsoft.Data.Sqlite.SqliteCommand.ExecuteReaderAsync(CommandBehavior behavior, CancellationToken cancellationToken)
   at Microsoft.Data.Sqlite.SqliteCommand.ExecuteDbDataReaderAsync(CommandBehavior behavior, CancellationToken cancellationToken)
   at Dapper.SqlMapper.QueryAsync[T](IDbConnection cnn, Type effectiveType, CommandDefinition command) in /_/Dapper/SqlMapper.Async.cs:line 434
   at BlazorLoggingDemo.Repository.SqliteLogRepository.GetLogsByLevelAsync(String level, DateTime startDate, DateTime endDate) in D:\CSharpProjektai\BlazorLoggingDemo\Repository\SqliteLogRepository.cs:line 48
   at BlazorLoggingDemo.Pages.LogViewer.LoadLogs() in D:\CSharpProjektai\BlazorLoggingDemo\Pages\LogViewer.razor:line 120
2025-03-19 19:59:18.674 +02:00 [ERR] Error loading logs
Microsoft.Data.Sqlite.SqliteException (0x80004005): SQLite Error 1: 'no such column: Message'.
   at Microsoft.Data.Sqlite.SqliteException.ThrowExceptionForRC(Int32 rc, sqlite3 db)
   at Microsoft.Data.Sqlite.SqliteCommand.PrepareAndEnumerateStatements()+MoveNext()
   at Microsoft.Data.Sqlite.SqliteCommand.GetStatements()+MoveNext()
   at Microsoft.Data.Sqlite.SqliteDataReader.NextResult()
   at Microsoft.Data.Sqlite.SqliteCommand.ExecuteReader(CommandBehavior behavior)
   at Microsoft.Data.Sqlite.SqliteCommand.ExecuteReaderAsync(CommandBehavior behavior, CancellationToken cancellationToken)
   at Microsoft.Data.Sqlite.SqliteCommand.ExecuteDbDataReaderAsync(CommandBehavior behavior, CancellationToken cancellationToken)
   at Dapper.SqlMapper.QueryAsync[T](IDbConnection cnn, Type effectiveType, CommandDefinition command) in /_/Dapper/SqlMapper.Async.cs:line 434
   at BlazorLoggingDemo.Repository.SqliteLogRepository.GetLogsByLevelAsync(String level, DateTime startDate, DateTime endDate) in D:\CSharpProjektai\BlazorLoggingDemo\Repository\SqliteLogRepository.cs:line 48
   at BlazorLoggingDemo.Pages.LogViewer.LoadLogs() in D:\CSharpProjektai\BlazorLoggingDemo\Pages\LogViewer.razor:line 120
2025-03-19 19:59:18.863 +02:00 [ERR] Error loading logs
Microsoft.Data.Sqlite.SqliteException (0x80004005): SQLite Error 1: 'no such column: Message'.
   at Microsoft.Data.Sqlite.SqliteException.ThrowExceptionForRC(Int32 rc, sqlite3 db)
   at Microsoft.Data.Sqlite.SqliteCommand.PrepareAndEnumerateStatements()+MoveNext()
   at Microsoft.Data.Sqlite.SqliteCommand.GetStatements()+MoveNext()
   at Microsoft.Data.Sqlite.SqliteDataReader.NextResult()
   at Microsoft.Data.Sqlite.SqliteCommand.ExecuteReader(CommandBehavior behavior)
   at Microsoft.Data.Sqlite.SqliteCommand.ExecuteReaderAsync(CommandBehavior behavior, CancellationToken cancellationToken)
   at Microsoft.Data.Sqlite.SqliteCommand.ExecuteDbDataReaderAsync(CommandBehavior behavior, CancellationToken cancellationToken)
   at Dapper.SqlMapper.QueryAsync[T](IDbConnection cnn, Type effectiveType, CommandDefinition command) in /_/Dapper/SqlMapper.Async.cs:line 434
   at BlazorLoggingDemo.Repository.SqliteLogRepository.GetLogsByLevelAsync(String level, DateTime startDate, DateTime endDate) in D:\CSharpProjektai\BlazorLoggingDemo\Repository\SqliteLogRepository.cs:line 48
   at BlazorLoggingDemo.Pages.LogViewer.LoadLogs() in D:\CSharpProjektai\BlazorLoggingDemo\Pages\LogViewer.razor:line 120
2025-03-19 19:59:22.273 +02:00 [INF] Log viewer initialized
2025-03-19 19:59:22.279 +02:00 [ERR] Error loading logs
Microsoft.Data.Sqlite.SqliteException (0x80004005): SQLite Error 1: 'no such column: Message'.
   at Microsoft.Data.Sqlite.SqliteException.ThrowExceptionForRC(Int32 rc, sqlite3 db)
   at Microsoft.Data.Sqlite.SqliteCommand.PrepareAndEnumerateStatements()+MoveNext()
   at Microsoft.Data.Sqlite.SqliteCommand.GetStatements()+MoveNext()
   at Microsoft.Data.Sqlite.SqliteDataReader.NextResult()
   at Microsoft.Data.Sqlite.SqliteCommand.ExecuteReader(CommandBehavior behavior)
   at Microsoft.Data.Sqlite.SqliteCommand.ExecuteReaderAsync(CommandBehavior behavior, CancellationToken cancellationToken)
   at Microsoft.Data.Sqlite.SqliteCommand.ExecuteDbDataReaderAsync(CommandBehavior behavior, CancellationToken cancellationToken)
   at Dapper.SqlMapper.QueryAsync[T](IDbConnection cnn, Type effectiveType, CommandDefinition command) in /_/Dapper/SqlMapper.Async.cs:line 434
   at BlazorLoggingDemo.Repository.SqliteLogRepository.GetRecentLogsAsync(Int32 count) in D:\CSharpProjektai\BlazorLoggingDemo\Repository\SqliteLogRepository.cs:line 37
   at BlazorLoggingDemo.Pages.LogViewer.LoadLogs() in D:\CSharpProjektai\BlazorLoggingDemo\Pages\LogViewer.razor:line 116
2025-03-19 20:00:28.706 +02:00 [INF] Log viewer initialized
2025-03-19 20:00:28.712 +02:00 [ERR] Error loading logs
Microsoft.Data.Sqlite.SqliteException (0x80004005): SQLite Error 1: 'no such column: Message'.
   at Microsoft.Data.Sqlite.SqliteException.ThrowExceptionForRC(Int32 rc, sqlite3 db)
   at Microsoft.Data.Sqlite.SqliteCommand.PrepareAndEnumerateStatements()+MoveNext()
   at Microsoft.Data.Sqlite.SqliteCommand.GetStatements()+MoveNext()
   at Microsoft.Data.Sqlite.SqliteDataReader.NextResult()
   at Microsoft.Data.Sqlite.SqliteCommand.ExecuteReader(CommandBehavior behavior)
   at Microsoft.Data.Sqlite.SqliteCommand.ExecuteReaderAsync(CommandBehavior behavior, CancellationToken cancellationToken)
   at Microsoft.Data.Sqlite.SqliteCommand.ExecuteDbDataReaderAsync(CommandBehavior behavior, CancellationToken cancellationToken)
   at Dapper.SqlMapper.QueryAsync[T](IDbConnection cnn, Type effectiveType, CommandDefinition command) in /_/Dapper/SqlMapper.Async.cs:line 434
   at BlazorLoggingDemo.Repository.SqliteLogRepository.GetRecentLogsAsync(Int32 count) in D:\CSharpProjektai\BlazorLoggingDemo\Repository\SqliteLogRepository.cs:line 37
   at BlazorLoggingDemo.Pages.LogViewer.LoadLogs() in D:\CSharpProjektai\BlazorLoggingDemo\Pages\LogViewer.razor:line 116
2025-03-19 20:00:30.659 +02:00 [ERR] Error loading logs
Microsoft.Data.Sqlite.SqliteException (0x80004005): SQLite Error 1: 'no such column: Message'.
   at Microsoft.Data.Sqlite.SqliteException.ThrowExceptionForRC(Int32 rc, sqlite3 db)
   at Microsoft.Data.Sqlite.SqliteCommand.PrepareAndEnumerateStatements()+MoveNext()
   at Microsoft.Data.Sqlite.SqliteCommand.GetStatements()+MoveNext()
   at Microsoft.Data.Sqlite.SqliteDataReader.NextResult()
   at Microsoft.Data.Sqlite.SqliteCommand.ExecuteReader(CommandBehavior behavior)
   at Microsoft.Data.Sqlite.SqliteCommand.ExecuteReaderAsync(CommandBehavior behavior, CancellationToken cancellationToken)
   at Microsoft.Data.Sqlite.SqliteCommand.ExecuteDbDataReaderAsync(CommandBehavior behavior, CancellationToken cancellationToken)
   at Dapper.SqlMapper.QueryAsync[T](IDbConnection cnn, Type effectiveType, CommandDefinition command) in /_/Dapper/SqlMapper.Async.cs:line 434
   at BlazorLoggingDemo.Repository.SqliteLogRepository.GetRecentLogsAsync(Int32 count) in D:\CSharpProjektai\BlazorLoggingDemo\Repository\SqliteLogRepository.cs:line 37
   at BlazorLoggingDemo.Pages.LogViewer.LoadLogs() in D:\CSharpProjektai\BlazorLoggingDemo\Pages\LogViewer.razor:line 116
2025-03-19 20:00:30.876 +02:00 [ERR] Error loading logs
Microsoft.Data.Sqlite.SqliteException (0x80004005): SQLite Error 1: 'no such column: Message'.
   at Microsoft.Data.Sqlite.SqliteException.ThrowExceptionForRC(Int32 rc, sqlite3 db)
   at Microsoft.Data.Sqlite.SqliteCommand.PrepareAndEnumerateStatements()+MoveNext()
   at Microsoft.Data.Sqlite.SqliteCommand.GetStatements()+MoveNext()
   at Microsoft.Data.Sqlite.SqliteDataReader.NextResult()
   at Microsoft.Data.Sqlite.SqliteCommand.ExecuteReader(CommandBehavior behavior)
   at Microsoft.Data.Sqlite.SqliteCommand.ExecuteReaderAsync(CommandBehavior behavior, CancellationToken cancellationToken)
   at Microsoft.Data.Sqlite.SqliteCommand.ExecuteDbDataReaderAsync(CommandBehavior behavior, CancellationToken cancellationToken)
   at Dapper.SqlMapper.QueryAsync[T](IDbConnection cnn, Type effectiveType, CommandDefinition command) in /_/Dapper/SqlMapper.Async.cs:line 434
   at BlazorLoggingDemo.Repository.SqliteLogRepository.GetRecentLogsAsync(Int32 count) in D:\CSharpProjektai\BlazorLoggingDemo\Repository\SqliteLogRepository.cs:line 37
   at BlazorLoggingDemo.Pages.LogViewer.LoadLogs() in D:\CSharpProjektai\BlazorLoggingDemo\Pages\LogViewer.razor:line 116
2025-03-19 20:00:31.058 +02:00 [ERR] Error loading logs
Microsoft.Data.Sqlite.SqliteException (0x80004005): SQLite Error 1: 'no such column: Message'.
   at Microsoft.Data.Sqlite.SqliteException.ThrowExceptionForRC(Int32 rc, sqlite3 db)
   at Microsoft.Data.Sqlite.SqliteCommand.PrepareAndEnumerateStatements()+MoveNext()
   at Microsoft.Data.Sqlite.SqliteCommand.GetStatements()+MoveNext()
   at Microsoft.Data.Sqlite.SqliteDataReader.NextResult()
   at Microsoft.Data.Sqlite.SqliteCommand.ExecuteReader(CommandBehavior behavior)
   at Microsoft.Data.Sqlite.SqliteCommand.ExecuteReaderAsync(CommandBehavior behavior, CancellationToken cancellationToken)
   at Microsoft.Data.Sqlite.SqliteCommand.ExecuteDbDataReaderAsync(CommandBehavior behavior, CancellationToken cancellationToken)
   at Dapper.SqlMapper.QueryAsync[T](IDbConnection cnn, Type effectiveType, CommandDefinition command) in /_/Dapper/SqlMapper.Async.cs:line 434
   at BlazorLoggingDemo.Repository.SqliteLogRepository.GetRecentLogsAsync(Int32 count) in D:\CSharpProjektai\BlazorLoggingDemo\Repository\SqliteLogRepository.cs:line 37
   at BlazorLoggingDemo.Pages.LogViewer.LoadLogs() in D:\CSharpProjektai\BlazorLoggingDemo\Pages\LogViewer.razor:line 116
2025-03-19 20:06:51.131 +02:00 [INF] Log viewer initialized
